<?xml version="1.0" encoding="UTF-8"?>
<testng-results ignored="0" total="1" passed="1" failed="0" skipped="0">
  <reporter-output>
  </reporter-output>
  <suite started-at="2024-11-18T17:02:38 IST" name="Default suite" finished-at="2024-11-18T17:02:43 IST" duration-ms="4622">
    <groups>
    </groups>
    <test started-at="2024-11-18T17:02:38 IST" name="Default test" finished-at="2024-11-18T17:02:43 IST" duration-ms="4622">
      <class name="baselibrary.BaseLibrary">
        <test-method signature="launchurl()[pri:0, instance:baselibrary.BaseLibrary@1e6a3214]" started-at="2024-11-18T17:02:38 IST" name="launchurl" finished-at="2024-11-18T17:02:43 IST" duration-ms="4523" status="PASS">
          <reporter-output>
          </reporter-output>
        </test-method> <!-- launchurl -->
      </class> <!-- baselibrary.BaseLibrary -->
    </test> <!-- Default test -->
  </suite> <!-- Default suite -->
</testng-results>
